# JRE version: OpenJDK Runtime Environment (17.0.6) (build 17.0.6+0-b2043.56-10027231)
# Java VM: OpenJDK 64-Bit Server VM (17.0.6+0-b2043.56-10027231, mixed mode, tiered, compressed oops, compressed class ptrs, g1 gc, windows-amd64)
GC Precious Log:
 CPUs: 8 total, 8 available
 Memory: 8040M
 Large Page Support: Disabled
 NUMA Support: Disabled
 Compressed Oops: Enabled (32-bit)
 Heap Region Size: 1M
 Heap Min Capacity: 8M
 Heap Initial Capacity: 126M
 Heap Max Capacity: 2G
 Pre-touch: Disabled
 Parallel Workers: 8
 Concurrent Workers: 2
 Concurrent Refinement Workers: 8
 Periodic GC: Disabled
Heap:
 garbage-first heap   total 129024K, used 85845K [0x0000000080000000, 0x0000000100000000)
  region size 1024K, 28 young (28672K), 5 survivors (5120K)
 Metaspace       used 82786K, committed 83456K, reserved 1122304K
  class space    used 11285K, committed 11584K, reserved 1048576K
GC Heap History (20 events):
Event: 5.019 GC heap before
{Heap before GC invocations=14 (full 0):
 garbage-first heap   total 82944K, used 67009K [0x0000000080000000, 0x0000000100000000)
  region size 1024K, 32 young (32768K), 4 survivors (4096K)
 Metaspace       used 53504K, committed 53952K, reserved 1097728K
  class space    used 7156K, committed 7360K, reserved 1048576K
}
Event: 5.026 GC heap after
{Heap after GC invocations=15 (full 0):
 garbage-first heap   total 82944K, used 45489K [0x0000000080000000, 0x0000000100000000)
  region size 1024K, 4 young (4096K), 4 survivors (4096K)
 Metaspace       used 53504K, committed 53952K, reserved 1097728K
  class space    used 7156K, committed 7360K, reserved 1048576K
}
Event: 5.304 GC heap before
{Heap before GC invocations=15 (full 0):
 garbage-first heap   total 82944K, used 61873K [0x0000000080000000, 0x0000000100000000)
  region size 1024K, 21 young (21504K), 4 survivors (4096K)
 Metaspace       used 55893K, committed 56384K, reserved 1097728K
  class space    used 7484K, committed 7680K, reserved 1048576K
}
Event: 5.307 GC heap after
{Heap after GC invocations=16 (full 0):
 garbage-first heap   total 82944K, used 46918K [0x0000000080000000, 0x0000000100000000)
  region size 1024K, 1 young (1024K), 1 survivors (1024K)
 Metaspace       used 55893K, committed 56384K, reserved 1097728K
  class space    used 7484K, committed 7680K, reserved 1048576K
}
Event: 5.719 GC heap before
{Heap before GC invocations=17 (full 0):
 garbage-first heap   total 82944K, used 64326K [0x0000000080000000, 0x0000000100000000)
  region size 1024K, 18 young (18432K), 1 survivors (1024K)
 Metaspace       used 58869K, committed 59392K, reserved 1105920K
  class space    used 7836K, committed 8064K, reserved 1048576K
}
Event: 5.721 GC heap after
{Heap after GC invocations=18 (full 0):
 garbage-first heap   total 82944K, used 47303K [0x0000000080000000, 0x0000000100000000)
  region size 1024K, 2 young (2048K), 2 survivors (2048K)
 Metaspace       used 58869K, committed 59392K, reserved 1105920K
  class space    used 7836K, committed 8064K, reserved 1048576K
}
Event: 6.032 GC heap before
{Heap before GC invocations=18 (full 0):
 garbage-first heap   total 82944K, used 64711K [0x0000000080000000, 0x0000000100000000)
  region size 1024K, 19 young (19456K), 2 survivors (2048K)
 Metaspace       used 61839K, committed 62336K, reserved 1105920K
  class space    used 8250K, committed 8448K, reserved 1048576K
}
Event: 6.036 GC heap after
{Heap after GC invocations=19 (full 0):
 garbage-first heap   total 82944K, used 48306K [0x0000000080000000, 0x0000000100000000)
  region size 1024K, 3 young (3072K), 3 survivors (3072K)
 Metaspace       used 61839K, committed 62336K, reserved 1105920K
  class space    used 8250K, committed 8448K, reserved 1048576K
}
Event: 6.228 GC heap before
{Heap before GC invocations=20 (full 0):
 garbage-first heap   total 89088K, used 57522K [0x0000000080000000, 0x0000000100000000)
  region size 1024K, 13 young (13312K), 3 survivors (3072K)
 Metaspace       used 63808K, committed 64320K, reserved 1105920K
  class space    used 8496K, committed 8704K, reserved 1048576K
}
Event: 6.232 GC heap after
{Heap after GC invocations=21 (full 0):
 garbage-first heap   total 89088K, used 49856K [0x0000000080000000, 0x0000000100000000)
  region size 1024K, 3 young (3072K), 3 survivors (3072K)
 Metaspace       used 63808K, committed 64320K, reserved 1105920K
  class space    used 8496K, committed 8704K, reserved 1048576K
}
Event: 6.492 GC heap before
{Heap before GC invocations=22 (full 0):
 garbage-first heap   total 107520K, used 77504K [0x0000000080000000, 0x0000000100000000)
  region size 1024K, 24 young (24576K), 3 survivors (3072K)
 Metaspace       used 65026K, committed 65600K, reserved 1114112K
  class space    used 8653K, committed 8896K, reserved 1048576K
}
Event: 6.497 GC heap after
{Heap after GC invocations=23 (full 0):
 garbage-first heap   total 107520K, used 51787K [0x0000000080000000, 0x0000000100000000)
  region size 1024K, 3 young (3072K), 3 survivors (3072K)
 Metaspace       used 65026K, committed 65600K, reserved 1114112K
  class space    used 8653K, committed 8896K, reserved 1048576K
}
Event: 6.990 GC heap before
{Heap before GC invocations=23 (full 0):
 garbage-first heap   total 107520K, used 80459K [0x0000000080000000, 0x0000000100000000)
  region size 1024K, 31 young (31744K), 3 survivors (3072K)
 Metaspace       used 67746K, committed 68288K, reserved 1114112K
  class space    used 9011K, committed 9280K, reserved 1048576K
}
Event: 6.995 GC heap after
{Heap after GC invocations=24 (full 0):
 garbage-first heap   total 129024K, used 53906K [0x0000000080000000, 0x0000000100000000)
  region size 1024K, 2 young (2048K), 2 survivors (2048K)
 Metaspace       used 67746K, committed 68288K, reserved 1114112K
  class space    used 9011K, committed 9280K, reserved 1048576K
}
Event: 7.745 GC heap before
{Heap before GC invocations=25 (full 0):
 garbage-first heap   total 129024K, used 93842K [0x0000000080000000, 0x0000000100000000)
  region size 1024K, 42 young (43008K), 2 survivors (2048K)
 Metaspace       used 72154K, committed 72768K, reserved 1114112K
  class space    used 9599K, committed 9856K, reserved 1048576K
}
Event: 7.750 GC heap after
{Heap after GC invocations=26 (full 0):
 garbage-first heap   total 129024K, used 58498K [0x0000000080000000, 0x0000000100000000)
  region size 1024K, 6 young (6144K), 6 survivors (6144K)
 Metaspace       used 72154K, committed 72768K, reserved 1114112K
  class space    used 9599K, committed 9856K, reserved 1048576K
}
Event: 8.655 GC heap before
{Heap before GC invocations=26 (full 0):
 garbage-first heap   total 129024K, used 99458K [0x0000000080000000, 0x0000000100000000)
  region size 1024K, 45 young (46080K), 6 survivors (6144K)
 Metaspace       used 76521K, committed 77120K, reserved 1122304K
  class space    used 10315K, committed 10624K, reserved 1048576K
}
Event: 8.663 GC heap after
{Heap after GC invocations=27 (full 0):
 garbage-first heap   total 129024K, used 60811K [0x0000000080000000, 0x0000000100000000)
  region size 1024K, 3 young (3072K), 3 survivors (3072K)
 Metaspace       used 76521K, committed 77120K, reserved 1122304K
  class space    used 10315K, committed 10624K, reserved 1048576K
}
Event: 9.649 GC heap before
{Heap before GC invocations=27 (full 0):
 garbage-first heap   total 129024K, used 99723K [0x0000000080000000, 0x0000000100000000)
  region size 1024K, 41 young (41984K), 3 survivors (3072K)
 Metaspace       used 81010K, committed 81600K, reserved 1122304K
  class space    used 11039K, committed 11328K, reserved 1048576K
}
Event: 9.654 GC heap after
{Heap after GC invocations=28 (full 0):
 garbage-first heap   total 129024K, used 63317K [0x0000000080000000, 0x0000000100000000)
  region size 1024K, 5 young (5120K), 5 survivors (5120K)
 Metaspace       used 81010K, committed 81600K, reserved 1122304K
  class space    used 11039K, committed 11328K, reserved 1048576K
}

