# JRE version: OpenJDK Runtime Environment (17.0.6) (build 17.0.6+0-b2043.56-10027231)
# Java VM: OpenJDK 64-Bit Server VM (17.0.6+0-b2043.56-10027231, mixed mode, tiered, compressed oops, compressed class ptrs, g1 gc, windows-amd64)
GC Precious Log:
 CPUs: 8 total, 8 available
 Memory: 8040M
 Large Page Support: Disabled
 NUMA Support: Disabled
 Compressed Oops: Enabled (32-bit)
 Heap Region Size: 1M
 Heap Min Capacity: 8M
 Heap Initial Capacity: 126M
 Heap Max Capacity: 2G
 Pre-touch: Disabled
 Parallel Workers: 8
 Concurrent Workers: 2
 Concurrent Refinement Workers: 8
 Periodic GC: Disabled
Heap:
 garbage-first heap   total 187392K, used 164252K [0x0000000080000000, 0x0000000100000000)
  region size 1024K, 2 young (2048K), 2 survivors (2048K)
 Metaspace       used 109853K, committed 110592K, reserved 1146880K
  class space    used 14673K, committed 15040K, reserved 1048576K
GC Heap History (20 events):
Event: 12.541 GC heap after
{Heap after GC invocations=31 (full 0):
 garbage-first heap   total 185344K, used 66020K [0x0000000080000000, 0x0000000100000000)
  region size 1024K, 9 young (9216K), 9 survivors (9216K)
 Metaspace       used 87258K, committed 87936K, reserved 1130496K
  class space    used 11849K, committed 12160K, reserved 1048576K
}
Event: 13.702 GC heap before
{Heap before GC invocations=31 (full 0):
 garbage-first heap   total 185344K, used 139748K [0x0000000080000000, 0x0000000100000000)
  region size 1024K, 81 young (82944K), 9 survivors (9216K)
 Metaspace       used 93670K, committed 94272K, reserved 1130496K
  class space    used 12759K, committed 13056K, reserved 1048576K
}
Event: 13.715 GC heap after
{Heap after GC invocations=32 (full 0):
 garbage-first heap   total 185344K, used 72716K [0x0000000080000000, 0x0000000100000000)
  region size 1024K, 11 young (11264K), 11 survivors (11264K)
 Metaspace       used 93670K, committed 94272K, reserved 1130496K
  class space    used 12759K, committed 13056K, reserved 1048576K
}
Event: 15.372 GC heap before
{Heap before GC invocations=32 (full 0):
 garbage-first heap   total 185344K, used 141324K [0x0000000080000000, 0x0000000100000000)
  region size 1024K, 79 young (80896K), 11 survivors (11264K)
 Metaspace       used 95920K, committed 96512K, reserved 1138688K
  class space    used 13173K, committed 13440K, reserved 1048576K
}
Event: 15.390 GC heap after
{Heap after GC invocations=33 (full 0):
 garbage-first heap   total 185344K, used 82944K [0x0000000080000000, 0x0000000100000000)
  region size 1024K, 10 young (10240K), 10 survivors (10240K)
 Metaspace       used 95920K, committed 96512K, reserved 1138688K
  class space    used 13173K, committed 13440K, reserved 1048576K
}
Event: 16.001 GC heap before
{Heap before GC invocations=33 (full 0):
 garbage-first heap   total 185344K, used 142336K [0x0000000080000000, 0x0000000100000000)
  region size 1024K, 69 young (70656K), 10 survivors (10240K)
 Metaspace       used 96259K, committed 96896K, reserved 1138688K
  class space    used 13180K, committed 13504K, reserved 1048576K
}
Event: 16.013 GC heap after
{Heap after GC invocations=34 (full 0):
 garbage-first heap   total 185344K, used 88419K [0x0000000080000000, 0x0000000100000000)
  region size 1024K, 7 young (7168K), 7 survivors (7168K)
 Metaspace       used 96259K, committed 96896K, reserved 1138688K
  class space    used 13180K, committed 13504K, reserved 1048576K
}
Event: 16.913 GC heap before
{Heap before GC invocations=34 (full 0):
 garbage-first heap   total 185344K, used 144739K [0x0000000080000000, 0x0000000100000000)
  region size 1024K, 63 young (64512K), 7 survivors (7168K)
 Metaspace       used 96862K, committed 97536K, reserved 1138688K
  class space    used 13216K, committed 13568K, reserved 1048576K
}
Event: 16.922 GC heap after
{Heap after GC invocations=35 (full 0):
 garbage-first heap   total 185344K, used 92229K [0x0000000080000000, 0x0000000100000000)
  region size 1024K, 6 young (6144K), 6 survivors (6144K)
 Metaspace       used 96862K, committed 97536K, reserved 1138688K
  class space    used 13216K, committed 13568K, reserved 1048576K
}
Event: 17.633 GC heap before
{Heap before GC invocations=35 (full 0):
 garbage-first heap   total 185344K, used 145477K [0x0000000080000000, 0x0000000100000000)
  region size 1024K, 59 young (60416K), 6 survivors (6144K)
 Metaspace       used 97124K, committed 97856K, reserved 1138688K
  class space    used 13254K, committed 13632K, reserved 1048576K
}
Event: 17.643 GC heap after
{Heap after GC invocations=36 (full 0):
 garbage-first heap   total 185344K, used 96383K [0x0000000080000000, 0x0000000100000000)
  region size 1024K, 6 young (6144K), 6 survivors (6144K)
 Metaspace       used 97124K, committed 97856K, reserved 1138688K
  class space    used 13254K, committed 13632K, reserved 1048576K
}
Event: 20.794 GC heap before
{Heap before GC invocations=36 (full 0):
 garbage-first heap   total 185344K, used 147583K [0x0000000080000000, 0x0000000100000000)
  region size 1024K, 56 young (57344K), 6 survivors (6144K)
 Metaspace       used 102880K, committed 103616K, reserved 1138688K
  class space    used 14009K, committed 14336K, reserved 1048576K
}
Event: 20.806 GC heap after
{Heap after GC invocations=37 (full 0):
 garbage-first heap   total 185344K, used 102218K [0x0000000080000000, 0x0000000100000000)
  region size 1024K, 7 young (7168K), 7 survivors (7168K)
 Metaspace       used 102880K, committed 103616K, reserved 1138688K
  class space    used 14009K, committed 14336K, reserved 1048576K
}
Event: 22.099 GC heap before
{Heap before GC invocations=37 (full 0):
 garbage-first heap   total 185344K, used 150346K [0x0000000080000000, 0x0000000100000000)
  region size 1024K, 52 young (53248K), 7 survivors (7168K)
 Metaspace       used 108127K, committed 108864K, reserved 1146880K
  class space    used 14486K, committed 14848K, reserved 1048576K
}
Event: 22.109 GC heap after
{Heap after GC invocations=38 (full 0):
 garbage-first heap   total 185344K, used 112601K [0x0000000080000000, 0x0000000100000000)
  region size 1024K, 7 young (7168K), 7 survivors (7168K)
 Metaspace       used 108127K, committed 108864K, reserved 1146880K
  class space    used 14486K, committed 14848K, reserved 1048576K
}
Event: 22.729 GC heap before
{Heap before GC invocations=38 (full 0):
 garbage-first heap   total 185344K, used 148441K [0x0000000080000000, 0x0000000100000000)
  region size 1024K, 43 young (44032K), 7 survivors (7168K)
 Metaspace       used 109852K, committed 110592K, reserved 1146880K
  class space    used 14673K, committed 15040K, reserved 1048576K
}
Event: 22.746 GC heap after
{Heap after GC invocations=39 (full 0):
 garbage-first heap   total 187392K, used 143360K [0x0000000080000000, 0x0000000100000000)
  region size 1024K, 6 young (6144K), 6 survivors (6144K)
 Metaspace       used 109852K, committed 110592K, reserved 1146880K
  class space    used 14673K, committed 15040K, reserved 1048576K
}
Event: 22.787 GC heap before
{Heap before GC invocations=39 (full 0):
 garbage-first heap   total 187392K, used 153600K [0x0000000080000000, 0x0000000100000000)
  region size 1024K, 16 young (16384K), 6 survivors (6144K)
 Metaspace       used 109853K, committed 110592K, reserved 1146880K
  class space    used 14673K, committed 15040K, reserved 1048576K
}
Event: 22.797 GC heap after
{Heap after GC invocations=40 (full 0):
 garbage-first heap   total 187392K, used 155648K [0x0000000080000000, 0x0000000100000000)
  region size 1024K, 2 young (2048K), 2 survivors (2048K)
 Metaspace       used 109853K, committed 110592K, reserved 1146880K
  class space    used 14673K, committed 15040K, reserved 1048576K
}
Event: 22.828 GC heap before
{Heap before GC invocations=40 (full 0):
 garbage-first heap   total 187392K, used 162816K [0x0000000080000000, 0x0000000100000000)
  region size 1024K, 9 young (9216K), 2 survivors (2048K)
 Metaspace       used 109853K, committed 110592K, reserved 1146880K
  class space    used 14673K, committed 15040K, reserved 1048576K
}

