# JRE version: OpenJDK Runtime Environment (17.0.6) (build 17.0.6+0-b2043.56-10027231)
# Java VM: OpenJDK 64-Bit Server VM (17.0.6+0-b2043.56-10027231, mixed mode, tiered, compressed oops, compressed class ptrs, g1 gc, windows-amd64)
GC Precious Log:
 CPUs: 8 total, 8 available
 Memory: 8040M
 Large Page Support: Disabled
 NUMA Support: Disabled
 Compressed Oops: Enabled (32-bit)
 Heap Region Size: 1M
 Heap Min Capacity: 8M
 Heap Initial Capacity: 126M
 Heap Max Capacity: 2G
 Pre-touch: Disabled
 Parallel Workers: 8
 Concurrent Workers: 2
 Concurrent Refinement Workers: 8
 Periodic GC: Disabled
Heap:
 garbage-first heap   total 368640K, used 235941K [0x0000000080000000, 0x0000000100000000)
  region size 1024K, 6 young (6144K), 6 survivors (6144K)
 Metaspace       used 110690K, committed 111488K, reserved 1146880K
  class space    used 14669K, committed 15040K, reserved 1048576K
GC Heap History (20 events):
Event: 19.752 GC heap after
{Heap after GC invocations=49 (full 0):
 garbage-first heap   total 293888K, used 77642K [0x0000000080000000, 0x0000000100000000)
  region size 1024K, 4 young (4096K), 4 survivors (4096K)
 Metaspace       used 90129K, committed 90752K, reserved 1130496K
  class space    used 12331K, committed 12672K, reserved 1048576K
}
Event: 22.364 GC heap before
{Heap before GC invocations=49 (full 0):
 garbage-first heap   total 293888K, used 223050K [0x0000000080000000, 0x0000000100000000)
  region size 1024K, 147 young (150528K), 4 survivors (4096K)
 Metaspace       used 91589K, committed 92352K, reserved 1130496K
  class space    used 12496K, committed 12864K, reserved 1048576K
}
Event: 22.378 GC heap after
{Heap after GC invocations=50 (full 0):
 garbage-first heap   total 293888K, used 89487K [0x0000000080000000, 0x0000000100000000)
  region size 1024K, 16 young (16384K), 16 survivors (16384K)
 Metaspace       used 91589K, committed 92352K, reserved 1130496K
  class space    used 12496K, committed 12864K, reserved 1048576K
}
Event: 24.814 GC heap before
{Heap before GC invocations=50 (full 0):
 garbage-first heap   total 293888K, used 223631K [0x0000000080000000, 0x0000000100000000)
  region size 1024K, 145 young (148480K), 16 survivors (16384K)
 Metaspace       used 101127K, committed 101824K, reserved 1138688K
  class space    used 13616K, committed 13952K, reserved 1048576K
}
Event: 24.841 GC heap after
{Heap after GC invocations=51 (full 0):
 garbage-first heap   total 293888K, used 108168K [0x0000000080000000, 0x0000000100000000)
  region size 1024K, 19 young (19456K), 19 survivors (19456K)
 Metaspace       used 101127K, committed 101824K, reserved 1138688K
  class space    used 13616K, committed 13952K, reserved 1048576K
}
Event: 27.400 GC heap before
{Heap before GC invocations=51 (full 0):
 garbage-first heap   total 293888K, used 223880K [0x0000000080000000, 0x0000000100000000)
  region size 1024K, 131 young (134144K), 19 survivors (19456K)
 Metaspace       used 108023K, committed 108800K, reserved 1146880K
  class space    used 14366K, committed 14720K, reserved 1048576K
}
Event: 27.456 GC heap after
{Heap after GC invocations=52 (full 0):
 garbage-first heap   total 316416K, used 181185K [0x0000000080000000, 0x0000000100000000)
  region size 1024K, 17 young (17408K), 17 survivors (17408K)
 Metaspace       used 108023K, committed 108800K, reserved 1146880K
  class space    used 14366K, committed 14720K, reserved 1048576K
}
Event: 27.677 GC heap before
{Heap before GC invocations=52 (full 0):
 garbage-first heap   total 316416K, used 236481K [0x0000000080000000, 0x0000000100000000)
  region size 1024K, 71 young (72704K), 17 survivors (17408K)
 Metaspace       used 108104K, committed 108864K, reserved 1146880K
  class space    used 14366K, committed 14720K, reserved 1048576K
}
Event: 27.709 GC heap after
{Heap after GC invocations=53 (full 0):
 garbage-first heap   total 316416K, used 222720K [0x0000000080000000, 0x0000000100000000)
  region size 1024K, 9 young (9216K), 9 survivors (9216K)
 Metaspace       used 108104K, committed 108864K, reserved 1146880K
  class space    used 14366K, committed 14720K, reserved 1048576K
}
Event: 27.851 GC heap before
{Heap before GC invocations=53 (full 0):
 garbage-first heap   total 316416K, used 248320K [0x0000000080000000, 0x0000000100000000)
  region size 1024K, 34 young (34816K), 9 survivors (9216K)
 Metaspace       used 108106K, committed 108864K, reserved 1146880K
  class space    used 14366K, committed 14720K, reserved 1048576K
}
Event: 27.868 GC heap after
{Heap after GC invocations=54 (full 0):
 garbage-first heap   total 316416K, used 248320K [0x0000000080000000, 0x0000000100000000)
  region size 1024K, 5 young (5120K), 5 survivors (5120K)
 Metaspace       used 108106K, committed 108864K, reserved 1146880K
  class space    used 14366K, committed 14720K, reserved 1048576K
}
Event: 27.892 GC heap before
{Heap before GC invocations=54 (full 0):
 garbage-first heap   total 316416K, used 259584K [0x0000000080000000, 0x0000000100000000)
  region size 1024K, 16 young (16384K), 5 survivors (5120K)
 Metaspace       used 108106K, committed 108864K, reserved 1146880K
  class space    used 14366K, committed 14720K, reserved 1048576K
}
Event: 27.902 GC heap after
{Heap after GC invocations=55 (full 0):
 garbage-first heap   total 316416K, used 260608K [0x0000000080000000, 0x0000000100000000)
  region size 1024K, 2 young (2048K), 2 survivors (2048K)
 Metaspace       used 108106K, committed 108864K, reserved 1146880K
  class space    used 14366K, committed 14720K, reserved 1048576K
}
Event: 27.983 GC heap before
{Heap before GC invocations=55 (full 0):
 garbage-first heap   total 368640K, used 225792K [0x0000000080000000, 0x0000000100000000)
  region size 1024K, 15 young (15360K), 2 survivors (2048K)
 Metaspace       used 108095K, committed 108864K, reserved 1146880K
  class space    used 14363K, committed 14720K, reserved 1048576K
}
Event: 27.989 GC heap after
{Heap after GC invocations=56 (full 0):
 garbage-first heap   total 368640K, used 224169K [0x0000000080000000, 0x0000000100000000)
  region size 1024K, 2 young (2048K), 2 survivors (2048K)
 Metaspace       used 108095K, committed 108864K, reserved 1146880K
  class space    used 14363K, committed 14720K, reserved 1048576K
}
Event: 29.767 GC heap before
{Heap before GC invocations=57 (full 0):
 garbage-first heap   total 368640K, used 264105K [0x0000000080000000, 0x0000000100000000)
  region size 1024K, 41 young (41984K), 2 survivors (2048K)
 Metaspace       used 110376K, committed 111104K, reserved 1146880K
  class space    used 14614K, committed 14976K, reserved 1048576K
}
Event: 29.776 GC heap after
{Heap after GC invocations=58 (full 0):
 garbage-first heap   total 368640K, used 230238K [0x0000000080000000, 0x0000000100000000)
  region size 1024K, 6 young (6144K), 6 survivors (6144K)
 Metaspace       used 110376K, committed 111104K, reserved 1146880K
  class space    used 14614K, committed 14976K, reserved 1048576K
}
Event: 29.831 GC heap before
{Heap before GC invocations=58 (full 0):
 garbage-first heap   total 368640K, used 242526K [0x0000000080000000, 0x0000000100000000)
  region size 1024K, 18 young (18432K), 6 survivors (6144K)
 Metaspace       used 110384K, committed 111104K, reserved 1146880K
  class space    used 14614K, committed 14976K, reserved 1048576K
}
Event: 29.840 GC heap after
{Heap after GC invocations=59 (full 0):
 garbage-first heap   total 368640K, used 231339K [0x0000000080000000, 0x0000000100000000)
  region size 1024K, 3 young (3072K), 3 survivors (3072K)
 Metaspace       used 110384K, committed 111104K, reserved 1146880K
  class space    used 14614K, committed 14976K, reserved 1048576K
}
Event: 30.430 GC heap before
{Heap before GC invocations=59 (full 0):
 garbage-first heap   total 368640K, used 273323K [0x0000000080000000, 0x0000000100000000)
  region size 1024K, 45 young (46080K), 3 survivors (3072K)
 Metaspace       used 110690K, committed 111488K, reserved 1146880K
  class space    used 14669K, committed 15040K, reserved 1048576K
}

